TN:
SF:src\domain\entities\log.entity.ts
FN:25,LogEntity
FN:40,Object.<anonymous>.LogEntity.fromJSON
FN:60,Object.<anonymous>.LogEntity.fromObject
FNF:3
FNH:3
FNDA:10,LogEntity
FNDA:2,Object.<anonymous>.LogEntity.fromJSON
FNDA:4,Object.<anonymous>.LogEntity.fromObject
DA:1,1
DA:2,1
DA:3,1
DA:4,4
DA:5,4
DA:6,4
DA:7,4
DA:8,4
DA:9,1
DA:10,1
DA:11,1
DA:12,1
DA:13,1
DA:14,1
DA:15,1
DA:16,1
DA:17,1
DA:18,1
DA:19,1
DA:20,1
DA:21,1
DA:22,1
DA:23,1
DA:24,1
DA:25,1
DA:26,10
DA:27,10
DA:28,10
DA:29,10
DA:30,10
DA:31,10
DA:32,10
DA:33,10
DA:34,10
DA:35,10
DA:36,10
DA:37,10
DA:38,1
DA:39,1
DA:40,1
DA:41,2
DA:42,2
DA:43,2
DA:44,2
DA:45,2
DA:46,1
DA:47,1
DA:48,1
DA:49,1
DA:50,1
DA:51,1
DA:52,1
DA:53,1
DA:54,1
DA:55,1
DA:56,1
DA:57,1
DA:58,1
DA:59,1
DA:60,1
DA:61,4
DA:62,4
DA:63,4
DA:64,4
DA:65,4
DA:66,4
DA:67,4
DA:68,4
DA:69,4
DA:70,4
DA:71,4
DA:72,4
DA:73,4
DA:74,4
DA:75,4
DA:76,4
DA:77,1
LF:77
LH:77
BRDA:4,0,0,4
BRDA:25,1,0,10
BRDA:40,2,0,2
BRDA:42,3,0,0
BRDA:45,4,0,1
BRDA:60,5,0,4
BRDA:64,6,0,0
BRF:7
BRH:5
end_of_record
TN:
SF:src\infrastructure\repositories\log-implementation.repository.ts
FN:7,LogRepositoryImplementation
FN:9,saveLog
FN:13,getLogs
FNF:3
FNH:3
FNDA:1,LogRepositoryImplementation
FNDA:1,saveLog
FNDA:1,getLogs
DA:1,1
DA:2,1
DA:3,1
DA:4,1
DA:5,1
DA:6,1
DA:7,1
DA:8,1
DA:9,1
DA:10,1
DA:11,1
DA:12,1
DA:13,1
DA:14,1
DA:15,1
DA:16,1
LF:16
LH:16
BRDA:7,0,0,1
BRDA:9,1,0,1
BRDA:13,2,0,1
BRF:3
BRH:3
end_of_record
